#
# There is insufficient memory for the Java Runtime Environment to continue.
# Native memory allocation (malloc) failed to allocate 454296 bytes. Error detail: Chunk::new
# Possible reasons:
#   The system is out of physical RAM or swap space
#   This process is running with CompressedOops enabled, and the Java Heap may be blocking the growth of the native heap
# Possible solutions:
#   Reduce memory load on the system
#   Increase physical memory or swap space
#   Check if swap backing store is full
#   Decrease Java heap size (-Xmx/-Xms)
#   Decrease number of Java threads
#   Decrease Java thread stack sizes (-Xss)
#   Set larger code cache with -XX:ReservedCodeCacheSize=
#   JVM is running with Unscaled Compressed Oops mode in which the Java heap is
#     placed in the first 4GB address space. The Java Heap base address is the
#     maximum limit for the native heap growth. Please use -XX:HeapBaseMinAddress
#     to set the Java Heap base and to place the Java Heap above 4GB virtual address.
# This output file may be truncated or incomplete.
#
#  Out of Memory Error (arena.cpp:186), pid=9724, tid=18072
#
# JRE version: OpenJDK Runtime Environment JBR-25.0.3+1-329.124-jcef (25.0.3+1) (build 25.0.3+1-b329.124)
# Java VM: OpenJDK 64-Bit Server VM JBR-25.0.3+1-329.124-jcef (25.0.3+1-b329.124, mixed mode, sharing, tiered, compressed oops, compressed class ptrs, g1 gc, windows-amd64)
# No core dump will be written. Minidumps are not enabled by default on client versions of Windows
#

---------------  S U M M A R Y ------------

Command Line: -Djava.io.tmpdir=C:\Users\Administrator\AppData\Local\JetBrains\PyCharm2026.1\tmp\statistics-uploader com.intellij.internal.statistic.uploader.EventLogUploader --ide-token C:\Users\Administrator\AppData\Local\JetBrains\PyCharm2026.1\token --recorders FUS;MP;ML --device-fus 13072618dc6fb06-3386-4921-b2c4-a68ce66288a3 --bucket-fus 119 --machine-fus 4b86ed81bbb4c660758b68e503c35d8ad994bfd24881bef42326a5afd05c5fb7 --id-revision-fus 0 --files-fus C:\Users\Administrator\AppData\Local\JetBrains\PyCharm2026.1\event-log-data\logs\FUS\d092-44cc-8f96-9e6b6ef1ab3c-261.26222.68-release.log --escape-fus false --device-mp 1307261ba5e8091-718b-483b-bf53-af994901dbd6 --bucket-mp 245 --machine-mp 0bc5514adcbf783f0608e96d034a7f9a96981c290eb489a15218cfcb55caf95c --id-revision-mp 0 --files-mp C:\Users\Administrator\AppData\Local\JetBrains\PyCharm2026.1\event-log-data\logs\MP\ae0f-48ed-962e-481d95b353e6-261.26222.68-release.log --escape-mp false --device-ml 13072618dc6fb06-3386-4921-b2c4-a68ce66288a3 --bucket-ml 119 --machine-ml 4b86ed81bbb4c660758b68e503c35d8ad994bfd24881bef42326a5afd05c5fb7 --id-revision-ml 0 --files-ml C:\Users\Administrator\AppData\Local\JetBrains\PyCharm2026.1\event-log-data\logs\ML\6c37-40c3-b722-dc029a7d0117-261.26222.68-release.log --escape-ml false --regional-code americas --product PY --product-version 2026.1.4 --baseline-version 261 --user-agent PyCharm/261.26222.68 --extra-headers 

Host: Intel(R) Core(TM) i7-5600U CPU @ 2.60GHz, 4 cores, 7G,  Windows 11 , 64 bit Build 22000 (10.0.22000.318)
Time: Wed Jul 22 12:34:55 2026 elapsed time: 3.819470 seconds (0d 0h 0m 3s)

---------------  T H R E A D  ---------------

Current thread (0x000001ceb04630c0):  JavaThread "C2 CompilerThread0" daemon [_thread_in_native, id=18072, stack(0x0000000d3a800000,0x0000000d3a900000) (1024K)]


Current CompileTask:
C2:3819 2008       4       jdk.internal.util.ArraysSupport::mismatch (103 bytes)

Stack: [0x0000000d3a800000,0x0000000d3a900000]
Native frames: (J=compiled Java code, j=interpreted, Vv=VM code, C=native code)
V  [jvm.dll+0x7c2709]  (no source info available)
V  [jvm.dll+0x78bdfd]  (no source info available)
V  [jvm.dll+0xa10353]  (no source info available)
V  [jvm.dll+0xa12b4c]  (no source info available)
V  [jvm.dll+0xa13243]  (no source info available)
V  [jvm.dll+0x308006]  (no source info available)
V  [jvm.dll+0x1149e6]  (no source info available)
V  [jvm.dll+0x114d16]  (no source info available)
V  [jvm.dll+0x1a9484]  (no source info available)
V  [jvm.dll+0x3c1a22]  (no source info available)
V  [jvm.dll+0x7c8068]  (no source info available)
V  [jvm.dll+0x2ca117]  (no source info available)
V  [jvm.dll+0x2c908b]  (no source info available)
V  [jvm.dll+0x2408d0]  (no source info available)
V  [jvm.dll+0x2d9114]  (no source info available)
V  [jvm.dll+0x2d733b]  (no source info available)
V  [jvm.dll+0x49e725]  (no source info available)
V  [jvm.dll+0x9b023d]  (no source info available)
V  [jvm.dll+0x7c0c25]  (no source info available)
C  [ucrtbase.dll+0x26c0c]  (no source info available)
C  [KERNEL32.DLL+0x154e0]  (no source info available)
C  [ntdll.dll+0x485b]  (no source info available)

Lock stack of current Java thread (top to bottom):


---------------  P R O C E S S  ---------------

Threads class SMR info:
_java_thread_list=0x000001ceb5598220, length=17, elements={
0x000001ce9619f9f0, 0x000001ceb0454fd0, 0x000001ceb0459700, 0x000001ceb045a560,
0x000001ceb045de80, 0x000001ceb045ea40, 0x000001ceb0461610, 0x000001ceb04621d0,
0x000001ceb04630c0, 0x000001ceb04661b0, 0x000001ceb04ec5c0, 0x000001ceb08481c0,
0x000001ceb092e750, 0x000001ceb092ef10, 0x000001ceb556a060, 0x000001ceb55a5dd0,
0x000001ceb55b8820
}

Java Threads: ( => current thread )
  0x000001ce9619f9f0 JavaThread "main"                              [_thread_blocked, id=4512, stack(0x0000000d39900000,0x0000000d39a00000) (1024K)]
  0x000001ceb0454fd0 JavaThread "Common-Cleaner"             daemon [_thread_blocked, id=15092, stack(0x0000000d3a100000,0x0000000d3a200000) (1024K)]
  0x000001ceb0459700 JavaThread "Reference Handler"          daemon [_thread_blocked, id=18320, stack(0x0000000d3a200000,0x0000000d3a300000) (1024K)]
  0x000001ceb045a560 JavaThread "Finalizer"                  daemon [_thread_blocked, id=3908, stack(0x0000000d3a300000,0x0000000d3a400000) (1024K)]
  0x000001ceb045de80 JavaThread "Signal Dispatcher"          daemon [_thread_blocked, id=17840, stack(0x0000000d3a400000,0x0000000d3a500000) (1024K)]
  0x000001ceb045ea40 JavaThread "Attach Listener"            daemon [_thread_blocked, id=13108, stack(0x0000000d3a500000,0x0000000d3a600000) (1024K)]
  0x000001ceb0461610 JavaThread "Service Thread"             daemon [_thread_blocked, id=17080, stack(0x0000000d3a600000,0x0000000d3a700000) (1024K)]
  0x000001ceb04621d0 JavaThread "Monitor Deflation Thread"   daemon [_thread_blocked, id=14108, stack(0x0000000d3a700000,0x0000000d3a800000) (1024K)]
=>0x000001ceb04630c0 JavaThread "C2 CompilerThread0"         daemon [_thread_in_native, id=18072, stack(0x0000000d3a800000,0x0000000d3a900000) (1024K)]
  0x000001ceb04661b0 JavaThread "C1 CompilerThread0"         daemon [_thread_blocked, id=8624, stack(0x0000000d3a900000,0x0000000d3aa00000) (1024K)]
  0x000001ceb04ec5c0 JavaThread "Notification Thread"        daemon [_thread_blocked, id=8876, stack(0x0000000d3aa00000,0x0000000d3ab00000) (1024K)]
  0x000001ceb08481c0 JavaThread "pool-1-thread-1"                   [_thread_in_vm, id=18096, stack(0x0000000d3ab00000,0x0000000d3ac00000) (1024K)]
  0x000001ceb092e750 JavaThread "pool-1-thread-2"                   [_thread_in_native, id=11820, stack(0x0000000d3ac00000,0x0000000d3ad00000) (1024K)]
  0x000001ceb092ef10 JavaThread "pool-1-thread-3"                   [_thread_blocked, id=17912, stack(0x0000000d3ad00000,0x0000000d3ae00000) (1024K)]
  0x000001ceb556a060 JavaThread "HttpClient-1-SelectorManager" daemon [_thread_in_native, id=17708, stack(0x0000000d3ae00000,0x0000000d3af00000) (1024K)]
  0x000001ceb55a5dd0 JavaThread "HttpClient-1-Worker-0"      daemon [_thread_blocked, id=15732, stack(0x0000000d3b000000,0x0000000d3b100000) (1024K)]
  0x000001ceb55b8820 JavaThread "HttpClient-1-Worker-1"      daemon [_thread_blocked, id=15776, stack(0x0000000d3b100000,0x0000000d3b200000) (1024K)]
Total: 17

Other Threads:
  0x000001ceb0442bb0 VMThread "VM Thread"                           [id=17060, stack(0x0000000d3a000000,0x0000000d3a100000) (1024K)]
  0x000001ce984f56d0 WatcherThread "VM Periodic Task Thread"        [id=14524, stack(0x0000000d39f00000,0x0000000d3a000000) (1024K)]
  0x000001ce9848f7d0 WorkerThread "GC Thread#0"                     [id=17388, stack(0x0000000d39a00000,0x0000000d39b00000) (1024K)]
  0x000001ceb5a3ad00 WorkerThread "GC Thread#1"                     [id=16892, stack(0x0000000d3b300000,0x0000000d3b400000) (1024K)]
  0x000001ceb5a3b130 WorkerThread "GC Thread#2"                     [id=17868, stack(0x0000000d3b400000,0x0000000d3b500000) (1024K)]
  0x000001ceb5a3b560 WorkerThread "GC Thread#3"                     [id=6184, stack(0x0000000d3b500000,0x0000000d3b600000) (1024K)]
  0x000001ce984a8300 ConcurrentGCThread "G1 Main Marker"            [id=17452, stack(0x0000000d39b00000,0x0000000d39c00000) (1024K)]
  0x000001ce984a8ea0 WorkerThread "G1 Conc#0"                       [id=16548, stack(0x0000000d39c00000,0x0000000d39d00000) (1024K)]
  0x000001ce984dbae0 ConcurrentGCThread "G1 Refine#0"               [id=18372, stack(0x0000000d39d00000,0x0000000d39e00000) (1024K)]
  0x000001ce984dc6f0 ConcurrentGCThread "G1 Service"                [id=16528, stack(0x0000000d39e00000,0x0000000d39f00000) (1024K)]
Total: 10

Threads with active compile tasks:
C2 CompilerThread0  3902 2008       4       jdk.internal.util.ArraysSupport::mismatch (103 bytes)
Total: 1

VM state: not at safepoint (normal execution)

VM Mutex/Monitor currently owned by a thread: None

Heap address: 0x0000000081e00000, size: 2018 MB, Compressed Oops mode: 32-bit

CDS archive(s) mapped at: [0x0000000011000000-0x0000000012cd0000-0x0000000012cd0000), size 30212096, SharedBaseAddress: 0x0000000011000000, ArchiveRelocationMode: 1.
Compressed class space mapped at: 0x0000000013000000-0x0000000053000000, reserved size: 1073741824
UseCompressedClassPointers 1, UseCompactObjectHeaders 0
Narrow klass pointer bits 32, Max shift 3
Narrow klass base: 0x0000000011000000, Narrow klass shift: 0
Encoding Range: [0x0000000011000000 - 0x0000000111000000), (4294967296 bytes)
Klass Range:    [0x0000000011010000 - 0x0000000053000000), (1107230720 bytes)
Klass ID Range:  [65536 - 1107296249) (1107230713)
Protection zone: [0x0000000011000000 - 0x0000000011010000), (65536 bytes)

GC Precious Log:
 CardTable entry size: 512
 Card Set container configuration: InlinePtr #cards 5 size 8 Array Of Cards #cards 10 size 36 Howl #buckets 4 coarsen threshold 1843 Howl Bitmap #cards 512 size 80 coarsen threshold 460 Card regions per heap region 1 cards per card region 2048
 CPUs: 4 total, 4 available
 Memory: 8071M
 Large Page Support: Disabled
 NUMA Support: Disabled
 Compressed Oops: Enabled (32-bit)
 Heap Region Size: 1M
 Heap Min Capacity: 8M
 Heap Initial Capacity: 128M
 Heap Max Capacity: 2018M
 Pre-touch: Disabled
 Parallel Workers: 4
 Concurrent Workers: 1
 Concurrent Refinement Workers: 4
 Periodic GC: Disabled

Heap:
 garbage-first heap   total reserved 2066432K, committed 134144K, used 20805K [0x0000000081e00000, 0x0000000100000000)
  region size 1024K, 19 young (19456K), 4 survivors (4096K)

Heap Regions: E=young(eden), S=young(survivor), O=old, HS=humongous(starts), HC=humongous(continues), CS=collection set, F=free, TAMS=top-at-mark-start, PB=parsable bottom
|   0|0x0000000081e00000, 0x0000000081f00000, 0x0000000081f00000|100%| O|  |TAMS 0x0000000081e00000| PB 0x0000000081e00000| Untracked |  0
|   1|0x0000000081f00000, 0x0000000081f10000, 0x0000000082000000|  6%| O|  |TAMS 0x0000000081f00000| PB 0x0000000081f00000| Untracked |  0
|   2|0x0000000082000000, 0x0000000082000000, 0x0000000082100000|  0%| F|  |TAMS 0x0000000082000000| PB 0x0000000082000000| Untracked |  0
|   3|0x0000000082100000, 0x0000000082100000, 0x0000000082200000|  0%| F|  |TAMS 0x0000000082100000| PB 0x0000000082100000| Untracked |  0
|   4|0x0000000082200000, 0x0000000082200000, 0x0000000082300000|  0%| F|  |TAMS 0x0000000082200000| PB 0x0000000082200000| Untracked |  0
|   5|0x0000000082300000, 0x0000000082300000, 0x0000000082400000|  0%| F|  |TAMS 0x0000000082300000| PB 0x0000000082300000| Untracked |  0
|   6|0x0000000082400000, 0x0000000082400000, 0x0000000082500000|  0%| F|  |TAMS 0x0000000082400000| PB 0x0000000082400000| Untracked |  0
|   7|0x0000000082500000, 0x0000000082500000, 0x0000000082600000|  0%| F|  |TAMS 0x0000000082500000| PB 0x0000000082500000| Untracked |  0
|   8|0x0000000082600000, 0x0000000082600000, 0x0000000082700000|  0%| F|  |TAMS 0x0000000082600000| PB 0x0000000082600000| Untracked |  0
|   9|0x0000000082700000, 0x0000000082700000, 0x0000000082800000|  0%| F|  |TAMS 0x0000000082700000| PB 0x0000000082700000| Untracked |  0
|  10|0x0000000082800000, 0x0000000082800000, 0x0000000082900000|  0%| F|  |TAMS 0x0000000082800000| PB 0x0000000082800000| Untracked |  0
|  11|0x0000000082900000, 0x0000000082900000, 0x0000000082a00000|  0%| F|  |TAMS 0x0000000082900000| PB 0x0000000082900000| Untracked |  0
|  12|0x0000000082a00000, 0x0000000082a00000, 0x0000000082b00000|  0%| F|  |TAMS 0x0000000082a00000| PB 0x0000000082a00000| Untracked |  0
|  13|0x0000000082b00000, 0x0000000082b00000, 0x0000000082c00000|  0%| F|  |TAMS 0x0000000082b00000| PB 0x0000000082b00000| Untracked |  0
|  14|0x0000000082c00000, 0x0000000082c00000, 0x0000000082d00000|  0%| F|  |TAMS 0x0000000082c00000| PB 0x0000000082c00000| Untracked |  0
|  15|0x0000000082d00000, 0x0000000082d00000, 0x0000000082e00000|  0%| F|  |TAMS 0x0000000082d00000| PB 0x0000000082d00000| Untracked |  0
|  16|0x0000000082e00000, 0x0000000082e00000, 0x0000000082f00000|  0%| F|  |TAMS 0x0000000082e00000| PB 0x0000000082e00000| Untracked |  0
|  17|0x0000000082f00000, 0x0000000082f00000, 0x0000000083000000|  0%| F|  |TAMS 0x0000000082f00000| PB 0x0000000082f00000| Untracked |  0
|  18|0x0000000083000000, 0x0000000083000000, 0x0000000083100000|  0%| F|  |TAMS 0x0000000083000000| PB 0x0000000083000000| Untracked |  0
|  19|0x0000000083100000, 0x0000000083100000, 0x0000000083200000|  0%| F|  |TAMS 0x0000000083100000| PB 0x0000000083100000| Untracked |  0
|  20|0x0000000083200000, 0x0000000083200000, 0x0000000083300000|  0%| F|  |TAMS 0x0000000083200000| PB 0x0000000083200000| Untracked |  0
|  21|0x0000000083300000, 0x0000000083300000, 0x0000000083400000|  0%| F|  |TAMS 0x0000000083300000| PB 0x0000000083300000| Untracked |  0
|  22|0x0000000083400000, 0x0000000083400000, 0x0000000083500000|  0%| F|  |TAMS 0x0000000083400000| PB 0x0000000083400000| Untracked |  0
|  23|0x0000000083500000, 0x0000000083500000, 0x0000000083600000|  0%| F|  |TAMS 0x0000000083500000| PB 0x0000000083500000| Untracked |  0
|  24|0x0000000083600000, 0x0000000083600000, 0x0000000083700000|  0%| F|  |TAMS 0x0000000083600000| PB 0x0000000083600000| Untracked |  0
|  25|0x0000000083700000, 0x0000000083700000, 0x0000000083800000|  0%| F|  |TAMS 0x0000000083700000| PB 0x0000000083700000| Untracked |  0
|  26|0x0000000083800000, 0x0000000083800000, 0x0000000083900000|  0%| F|  |TAMS 0x0000000083800000| PB 0x0000000083800000| Untracked |  0
|  27|0x0000000083900000, 0x0000000083900000, 0x0000000083a00000|  0%| F|  |TAMS 0x0000000083900000| PB 0x0000000083900000| Untracked |  0
|  28|0x0000000083a00000, 0x0000000083a00000, 0x0000000083b00000|  0%| F|  |TAMS 0x0000000083a00000| PB 0x0000000083a00000| Untracked |  0
|  29|0x0000000083b00000, 0x0000000083b00000, 0x0000000083c00000|  0%| F|  |TAMS 0x0000000083b00000| PB 0x0000000083b00000| Untracked |  0
|  30|0x0000000083c00000, 0x0000000083c00000, 0x0000000083d00000|  0%| F|  |TAMS 0x0000000083c00000| PB 0x0000000083c00000| Untracked |  0
|  31|0x0000000083d00000, 0x0000000083d00000, 0x0000000083e00000|  0%| F|  |TAMS 0x0000000083d00000| PB 0x0000000083d00000| Untracked |  0
|  32|0x0000000083e00000, 0x0000000083e00000, 0x0000000083f00000|  0%| F|  |TAMS 0x0000000083e00000| PB 0x0000000083e00000| Untracked |  0
|  33|0x0000000083f00000, 0x0000000083f00000, 0x0000000084000000|  0%| F|  |TAMS 0x0000000083f00000| PB 0x0000000083f00000| Untracked |  0
|  34|0x0000000084000000, 0x0000000084000000, 0x0000000084100000|  0%| F|  |TAMS 0x0000000084000000| PB 0x0000000084000000| Untracked |  0
|  35|0x0000000084100000, 0x0000000084100000, 0x0000000084200000|  0%| F|  |TAMS 0x0000000084100000| PB 0x0000000084100000| Untracked |  0
|  36|0x0000000084200000, 0x0000000084200000, 0x0000000084300000|  0%| F|  |TAMS 0x0000000084200000| PB 0x0000000084200000| Untracked |  0
|  37|0x0000000084300000, 0x0000000084300000, 0x0000000084400000|  0%| F|  |TAMS 0x0000000084300000| PB 0x0000000084300000| Untracked |  0
|  38|0x0000000084400000, 0x0000000084400000, 0x0000000084500000|  0%| F|  |TAMS 0x0000000084400000| PB 0x0000000084400000| Untracked |  0
|  39|0x0000000084500000, 0x0000000084500000, 0x0000000084600000|  0%| F|  |TAMS 0x0000000084500000| PB 0x0000000084500000| Untracked |  0
|  40|0x0000000084600000, 0x0000000084600000, 0x0000000084700000|  0%| F|  |TAMS 0x0000000084600000| PB 0x0000000084600000| Untracked |  0
|  41|0x0000000084700000, 0x0000000084700000, 0x0000000084800000|  0%| F|  |TAMS 0x0000000084700000| PB 0x0000000084700000| Untracked |  0
|  42|0x0000000084800000, 0x0000000084800000, 0x0000000084900000|  0%| F|  |TAMS 0x0000000084800000| PB 0x0000000084800000| Untracked |  0
|  43|0x0000000084900000, 0x0000000084900000, 0x0000000084a00000|  0%| F|  |TAMS 0x0000000084900000| PB 0x0000000084900000| Untracked |  0
|  44|0x0000000084a00000, 0x0000000084a00000, 0x0000000084b00000|  0%| F|  |TAMS 0x0000000084a00000| PB 0x0000000084a00000| Untracked |  0
|  45|0x0000000084b00000, 0x0000000084b00000, 0x0000000084c00000|  0%| F|  |TAMS 0x0000000084b00000| PB 0x0000000084b00000| Untracked |  0
|  46|0x0000000084c00000, 0x0000000084c00000, 0x0000000084d00000|  0%| F|  |TAMS 0x0000000084c00000| PB 0x0000000084c00000| Untracked |  0
|  47|0x0000000084d00000, 0x0000000084d00000, 0x0000000084e00000|  0%| F|  |TAMS 0x0000000084d00000| PB 0x0000000084d00000| Untracked |  0
|  48|0x0000000084e00000, 0x0000000084e00000, 0x0000000084f00000|  0%| F|  |TAMS 0x0000000084e00000| PB 0x0000000084e00000| Untracked |  0
|  49|0x0000000084f00000, 0x0000000084f00000, 0x0000000085000000|  0%| F|  |TAMS 0x0000000084f00000| PB 0x0000000084f00000| Untracked |  0
|  50|0x0000000085000000, 0x0000000085000000, 0x0000000085100000|  0%| F|  |TAMS 0x0000000085000000| PB 0x0000000085000000| Untracked |  0
|  51|0x0000000085100000, 0x0000000085100000, 0x0000000085200000|  0%| F|  |TAMS 0x0000000085100000| PB 0x0000000085100000| Untracked |  0
|  52|0x0000000085200000, 0x0000000085200000, 0x0000000085300000|  0%| F|  |TAMS 0x0000000085200000| PB 0x0000000085200000| Untracked |  0
|  53|0x0000000085300000, 0x0000000085300000, 0x0000000085400000|  0%| F|  |TAMS 0x0000000085300000| PB 0x0000000085300000| Untracked |  0
|  54|0x0000000085400000, 0x0000000085400000, 0x0000000085500000|  0%| F|  |TAMS 0x0000000085400000| PB 0x0000000085400000| Untracked |  0
|  55|0x0000000085500000, 0x0000000085500000, 0x0000000085600000|  0%| F|  |TAMS 0x0000000085500000| PB 0x0000000085500000| Untracked |  0
|  56|0x0000000085600000, 0x0000000085600000, 0x0000000085700000|  0%| F|  |TAMS 0x0000000085600000| PB 0x0000000085600000| Untracked |  0
|  57|0x0000000085700000, 0x0000000085700000, 0x0000000085800000|  0%| F|  |TAMS 0x0000000085700000| PB 0x0000000085700000| Untracked |  0
|  58|0x0000000085800000, 0x0000000085800000, 0x0000000085900000|  0%| F|  |TAMS 0x0000000085800000| PB 0x0000000085800000| Untracked |  0
|  59|0x0000000085900000, 0x0000000085900000, 0x0000000085a00000|  0%| F|  |TAMS 0x0000000085900000| PB 0x0000000085900000| Untracked |  0
|  60|0x0000000085a00000, 0x0000000085a00000, 0x0000000085b00000|  0%| F|  |TAMS 0x0000000085a00000| PB 0x0000000085a00000| Untracked |  0
|  61|0x0000000085b00000, 0x0000000085b00000, 0x0000000085c00000|  0%| F|  |TAMS 0x0000000085b00000| PB 0x0000000085b00000| Untracked |  0
|  62|0x0000000085c00000, 0x0000000085c00000, 0x0000000085d00000|  0%| F|  |TAMS 0x0000000085c00000| PB 0x0000000085c00000| Untracked |  0
|  63|0x0000000085d00000, 0x0000000085d00000, 0x0000000085e00000|  0%| F|  |TAMS 0x0000000085d00000| PB 0x0000000085d00000| Untracked |  0
|  64|0x0000000085e00000, 0x0000000085e00000, 0x0000000085f00000|  0%| F|  |TAMS 0x0000000085e00000| PB 0x0000000085e00000| Untracked |  0
|  65|0x0000000085f00000, 0x0000000085f00000, 0x0000000086000000|  0%| F|  |TAMS 0x0000000085f00000| PB 0x0000000085f00000| Untracked |  0
|  66|0x0000000086000000, 0x0000000086000000, 0x0000000086100000|  0%| F|  |TAMS 0x0000000086000000| PB 0x0000000086000000| Untracked |  0
|  67|0x0000000086100000, 0x0000000086100000, 0x0000000086200000|  0%| F|  |TAMS 0x0000000086100000| PB 0x0000000086100000| Untracked |  0
|  68|0x0000000086200000, 0x0000000086200000, 0x0000000086300000|  0%| F|  |TAMS 0x0000000086200000| PB 0x0000000086200000| Untracked |  0
|  69|0x0000000086300000, 0x0000000086300000, 0x0000000086400000|  0%| F|  |TAMS 0x0000000086300000| PB 0x0000000086300000| Untracked |  0
|  70|0x0000000086400000, 0x0000000086400000, 0x0000000086500000|  0%| F|  |TAMS 0x0000000086400000| PB 0x0000000086400000| Untracked |  0
|  71|0x0000000086500000, 0x0000000086500000, 0x0000000086600000|  0%| F|  |TAMS 0x0000000086500000| PB 0x0000000086500000| Untracked |  0
|  72|0x0000000086600000, 0x0000000086600000, 0x0000000086700000|  0%| F|  |TAMS 0x0000000086600000| PB 0x0000000086600000| Untracked |  0
|  73|0x0000000086700000, 0x0000000086700000, 0x0000000086800000|  0%| F|  |TAMS 0x0000000086700000| PB 0x0000000086700000| Untracked |  0
|  74|0x0000000086800000, 0x0000000086800000, 0x0000000086900000|  0%| F|  |TAMS 0x0000000086800000| PB 0x0000000086800000| Untracked |  0
|  75|0x0000000086900000, 0x0000000086900000, 0x0000000086a00000|  0%| F|  |TAMS 0x0000000086900000| PB 0x0000000086900000| Untracked |  0
|  76|0x0000000086a00000, 0x0000000086a00000, 0x0000000086b00000|  0%| F|  |TAMS 0x0000000086a00000| PB 0x0000000086a00000| Untracked |  0
|  77|0x0000000086b00000, 0x0000000086b00000, 0x0000000086c00000|  0%| F|  |TAMS 0x0000000086b00000| PB 0x0000000086b00000| Untracked |  0
|  78|0x0000000086c00000, 0x0000000086c00000, 0x0000000086d00000|  0%| F|  |TAMS 0x0000000086c00000| PB 0x0000000086c00000| Untracked |  0
|  79|0x0000000086d00000, 0x0000000086d00000, 0x0000000086e00000|  0%| F|  |TAMS 0x0000000086d00000| PB 0x0000000086d00000| Untracked |  0
|  80|0x0000000086e00000, 0x0000000086e00000, 0x0000000086f00000|  0%| F|  |TAMS 0x0000000086e00000| PB 0x0000000086e00000| Untracked |  0
|  81|0x0000000086f00000, 0x0000000086f00000, 0x0000000087000000|  0%| F|  |TAMS 0x0000000086f00000| PB 0x0000000086f00000| Untracked |  0
|  82|0x0000000087000000, 0x0000000087000000, 0x0000000087100000|  0%| F|  |TAMS 0x0000000087000000| PB 0x0000000087000000| Untracked |  0
|  83|0x0000000087100000, 0x0000000087100000, 0x0000000087200000|  0%| F|  |TAMS 0x0000000087100000| PB 0x0000000087100000| Untracked |  0
|  84|0x0000000087200000, 0x0000000087200000, 0x0000000087300000|  0%| F|  |TAMS 0x0000000087200000| PB 0x0000000087200000| Untracked |  0
|  85|0x0000000087300000, 0x0000000087300000, 0x0000000087400000|  0%| F|  |TAMS 0x0000000087300000| PB 0x0000000087300000| Untracked |  0
|  86|0x0000000087400000, 0x0000000087400000, 0x0000000087500000|  0%| F|  |TAMS 0x0000000087400000| PB 0x0000000087400000| Untracked |  0
|  87|0x0000000087500000, 0x0000000087500000, 0x0000000087600000|  0%| F|  |TAMS 0x0000000087500000| PB 0x0000000087500000| Untracked |  0
|  88|0x0000000087600000, 0x0000000087600000, 0x0000000087700000|  0%| F|  |TAMS 0x0000000087600000| PB 0x0000000087600000| Untracked |  0
|  89|0x0000000087700000, 0x0000000087700000, 0x0000000087800000|  0%| F|  |TAMS 0x0000000087700000| PB 0x0000000087700000| Untracked |  0
|  90|0x0000000087800000, 0x0000000087800000, 0x0000000087900000|  0%| F|  |TAMS 0x0000000087800000| PB 0x0000000087800000| Untracked |  0
|  91|0x0000000087900000, 0x0000000087900000, 0x0000000087a00000|  0%| F|  |TAMS 0x0000000087900000| PB 0x0000000087900000| Untracked |  0
|  92|0x0000000087a00000, 0x0000000087a00000, 0x0000000087b00000|  0%| F|  |TAMS 0x0000000087a00000| PB 0x0000000087a00000| Untracked |  0
|  93|0x0000000087b00000, 0x0000000087b00000, 0x0000000087c00000|  0%| F|  |TAMS 0x0000000087b00000| PB 0x0000000087b00000| Untracked |  0
|  94|0x0000000087c00000, 0x0000000087c00000, 0x0000000087d00000|  0%| F|  |TAMS 0x0000000087c00000| PB 0x0000000087c00000| Untracked |  0
|  95|0x0000000087d00000, 0x0000000087d00000, 0x0000000087e00000|  0%| F|  |TAMS 0x0000000087d00000| PB 0x0000000087d00000| Untracked |  0
|  96|0x0000000087e00000, 0x0000000087f00000, 0x0000000087f00000|100%| S|CS|TAMS 0x0000000087e00000| PB 0x0000000087e00000| Complete |  0
|  97|0x0000000087f00000, 0x0000000088000000, 0x0000000088000000|100%| S|CS|TAMS 0x0000000087f00000| PB 0x0000000087f00000| Complete |  0
|  98|0x0000000088000000, 0x0000000088100000, 0x0000000088100000|100%| S|CS|TAMS 0x0000000088000000| PB 0x0000000088000000| Complete |  0
|  99|0x0000000088100000, 0x0000000088200000, 0x0000000088200000|100%| S|CS|TAMS 0x0000000088100000| PB 0x0000000088100000| Complete |  0
| 100|0x0000000088200000, 0x0000000088200000, 0x0000000088300000|  0%| F|  |TAMS 0x0000000088200000| PB 0x0000000088200000| Untracked |  0
| 101|0x0000000088300000, 0x0000000088300000, 0x0000000088400000|  0%| F|  |TAMS 0x0000000088300000| PB 0x0000000088300000| Untracked |  0
| 102|0x0000000088400000, 0x0000000088400000, 0x0000000088500000|  0%| F|  |TAMS 0x0000000088400000| PB 0x0000000088400000| Untracked |  0
| 103|0x0000000088500000, 0x0000000088500000, 0x0000000088600000|  0%| F|  |TAMS 0x0000000088500000| PB 0x0000000088500000| Untracked |  0
| 104|0x0000000088600000, 0x0000000088600000, 0x0000000088700000|  0%| F|  |TAMS 0x0000000088600000| PB 0x0000000088600000| Untracked |  0
| 105|0x0000000088700000, 0x0000000088700000, 0x0000000088800000|  0%| F|  |TAMS 0x0000000088700000| PB 0x0000000088700000| Untracked |  0
| 106|0x0000000088800000, 0x0000000088800000, 0x0000000088900000|  0%| F|  |TAMS 0x0000000088800000| PB 0x0000000088800000| Untracked |  0
| 107|0x0000000088900000, 0x0000000088900000, 0x0000000088a00000|  0%| F|  |TAMS 0x0000000088900000| PB 0x0000000088900000| Untracked |  0
| 108|0x0000000088a00000, 0x0000000088a00000, 0x0000000088b00000|  0%| F|  |TAMS 0x0000000088a00000| PB 0x0000000088a00000| Untracked |  0
| 109|0x0000000088b00000, 0x0000000088b00000, 0x0000000088c00000|  0%| F|  |TAMS 0x0000000088b00000| PB 0x0000000088b00000| Untracked |  0
| 110|0x0000000088c00000, 0x0000000088c00000, 0x0000000088d00000|  0%| F|  |TAMS 0x0000000088c00000| PB 0x0000000088c00000| Untracked |  0
| 111|0x0000000088d00000, 0x0000000088d00000, 0x0000000088e00000|  0%| F|  |TAMS 0x0000000088d00000| PB 0x0000000088d00000| Untracked |  0
| 112|0x0000000088e00000, 0x0000000088e00000, 0x0000000088f00000|  0%| F|  |TAMS 0x0000000088e00000| PB 0x0000000088e00000| Untracked |  0
| 113|0x0000000088f00000, 0x0000000089000000, 0x0000000089000000|100%| E|  |TAMS 0x0000000088f00000| PB 0x0000000088f00000| Complete |  0
| 114|0x0000000089000000, 0x0000000089100000, 0x0000000089100000|100%| E|CS|TAMS 0x0000000089000000| PB 0x0000000089000000| Complete |  0
| 115|0x0000000089100000, 0x0000000089200000, 0x0000000089200000|100%| E|CS|TAMS 0x0000000089100000| PB 0x0000000089100000| Complete |  0
| 116|0x0000000089200000, 0x0000000089300000, 0x0000000089300000|100%| E|CS|TAMS 0x0000000089200000| PB 0x0000000089200000| Complete |  0
| 117|0x0000000089300000, 0x0000000089400000, 0x0000000089400000|100%| E|CS|TAMS 0x0000000089300000| PB 0x0000000089300000| Complete |  0
| 118|0x0000000089400000, 0x0000000089500000, 0x0000000089500000|100%| E|CS|TAMS 0x0000000089400000| PB 0x0000000089400000| Complete |  0
| 119|0x0000000089500000, 0x0000000089600000, 0x0000000089600000|100%| E|CS|TAMS 0x0000000089500000| PB 0x0000000089500000| Complete |  0
| 120|0x0000000089600000, 0x0000000089700000, 0x0000000089700000|100%| E|CS|TAMS 0x0000000089600000| PB 0x0000000089600000| Complete |  0
| 121|0x0000000089700000, 0x0000000089800000, 0x0000000089800000|100%| E|  |TAMS 0x0000000089700000| PB 0x0000000089700000| Complete |  0
| 122|0x0000000089800000, 0x0000000089900000, 0x0000000089900000|100%| E|CS|TAMS 0x0000000089800000| PB 0x0000000089800000| Complete |  0
| 123|0x0000000089900000, 0x0000000089a00000, 0x0000000089a00000|100%| E|CS|TAMS 0x0000000089900000| PB 0x0000000089900000| Complete |  0
| 124|0x0000000089a00000, 0x0000000089b00000, 0x0000000089b00000|100%| E|CS|TAMS 0x0000000089a00000| PB 0x0000000089a00000| Complete |  0
| 125|0x0000000089b00000, 0x0000000089c00000, 0x0000000089c00000|100%| E|CS|TAMS 0x0000000089b00000| PB 0x0000000089b00000| Complete |  0
| 126|0x0000000089c00000, 0x0000000089d00000, 0x0000000089d00000|100%| E|CS|TAMS 0x0000000089c00000| PB 0x0000000089c00000| Complete |  0
| 127|0x0000000089d00000, 0x0000000089e00000, 0x0000000089e00000|100%| E|CS|TAMS 0x0000000089d00000| PB 0x0000000089d00000| Complete |  0
|2015|0x00000000ffd00000, 0x00000000ffe00000, 0x00000000ffe00000|100%| O|  |TAMS 0x00000000ffd00000| PB 0x00000000ffd00000| Untracked |  0
|2016|0x00000000ffe00000, 0x00000000fff00000, 0x00000000fff00000|100%| O|  |TAMS 0x00000000ffe00000| PB 0x00000000ffe00000| Untracked |  0
|2017|0x00000000fff00000, 0x00000000fff41660, 0x0000000100000000| 25%| O|  |TAMS 0x00000000fff00000| PB 0x00000000fff00000| Untracked |  0

Card table byte_map: [0x000001ceabc60000,0x000001ceac060000] _byte_map_base: 0x000001ceab851000

Marking Bits: (CMBitMap*) 0x000001ce9848ff60
 Bits: [0x000001ceac060000, 0x000001ceadfe8000)

Polling page: 0x000001ce963a0000

Metaspace:
Metaspace        used 8504K, committed 8768K, reserved 1114112K
 class space     used 944K, committed 1088K, reserved 1048576K

Usage:
  Non-class:      7.38 MB used.
      Class:    944.73 KB used.
       Both:      8.31 MB used.

Virtual space:
  Non-class space:       64.00 MB reserved,       7.50 MB ( 12%) committed,  1 nodes.
      Class space:        1.00 GB reserved,       1.06 MB ( <1%) committed,  1 nodes.
             Both:        1.06 GB reserved,       8.56 MB ( <1%) committed. 

Chunk freelists:
   Non-Class:  6.78 MB
       Class:  14.98 MB
        Both:  21.77 MB

MaxMetaspaceSize: unlimited
CompressedClassSpaceSize: 1.00 GB
Initial GC threshold: 21.00 MB
Current GC threshold: 21.00 MB
CDS: on
 - commit_granule_bytes: 65536.
 - commit_granule_words: 8192.
 - virtual_space_node_default_size: 8388608.
 - enlarge_chunks_in_place: 1.
UseCompressedClassPointers 1, UseCompactObjectHeaders 0
Narrow klass pointer bits 32, Max shift 3
Narrow klass base: 0x0000000011000000, Narrow klass shift: 0
Encoding Range: [0x0000000011000000 - 0x0000000111000000), (4294967296 bytes)
Klass Range:    [0x0000000011010000 - 0x0000000053000000), (1107230720 bytes)
Klass ID Range:  [65536 - 1107296249) (1107230713)
Protection zone: [0x0000000011000000 - 0x0000000011010000), (65536 bytes)


Internal statistics:

num_allocs_failed_limit: 0.
num_arena_births: 142.
num_arena_deaths: 0.
num_vsnodes_births: 2.
num_vsnodes_deaths: 0.
num_space_committed: 137.
num_space_uncommitted: 0.
num_chunks_returned_to_freelist: 0.
num_chunks_taken_from_freelist: 388.
num_chunk_merges: 0.
num_chunk_splits: 293.
num_chunks_enlarged: 234.
num_inconsistent_stats: 0.

CodeHeap 'non-profiled nmethods': size=120064Kb used=603Kb max_used=603Kb free=119460Kb
 bounds [0x000001cea4320000, 0x000001cea4590000, 0x000001ceab860000]
CodeHeap 'profiled nmethods': size=120064Kb used=2972Kb max_used=2972Kb free=117092Kb
 bounds [0x000001ce9c840000, 0x000001ce9cb30000, 0x000001cea3d80000]
CodeHeap 'non-nmethods': size=5760Kb used=1496Kb max_used=1531Kb free=4263Kb
 bounds [0x000001cea3d80000, 0x000001cea3ff0000, 0x000001cea4320000]
CodeCache: size=245888Kb, used=5071Kb, max_used=5106Kb, free=240815Kb
 total_blobs=2635, nmethods=2020, adapters=517, full_count=0
Compilation: enabled, stopped_count=0, restarted_count=0

Compilation events (20 events):
Event: 3.621 Thread 0x000001ceb04661b0 2002       3       sun.net.www.protocol.jar.Handler::canonicalizeString (72 bytes)
Event: 3.623 Thread 0x000001ceb04661b0 nmethod 2002 0x000001ce9cb1c208 code [0x000001ce9cb1c300, 0x000001ce9cb1d7a8]
Event: 3.623 Thread 0x000001ceb04661b0 2003       3       java.net.URLStreamHandler::setURL (159 bytes)
Event: 3.625 Thread 0x000001ceb04661b0 nmethod 2003 0x000001ce9cb1d808 code [0x000001ce9cb1d900, 0x000001ce9cb1fa00]
Event: 3.625 Thread 0x000001ceb04661b0 2004       3       jdk.internal.loader.Resource::<init> (5 bytes)
Event: 3.625 Thread 0x000001ceb04661b0 nmethod 2004 0x000001ce9cb1fa88 code [0x000001ce9cb1fb80, 0x000001ce9cb1fce0]
Event: 3.625 Thread 0x000001ceb04661b0 2005   !   3       java.net.URL::set (114 bytes)
Event: 3.626 Thread 0x000001ceb04661b0 nmethod 2005 0x000001ce9cb1fd88 code [0x000001ce9cb1fe80, 0x000001ce9cb20c20]
Event: 3.640 Thread 0x000001ceb04661b0 2006       3       java.util.zip.ZipEntry::<init> (84 bytes)
Event: 3.640 Thread 0x000001ceb04661b0 nmethod 2006 0x000001ce9cb20c88 code [0x000001ce9cb20d80, 0x000001ce9cb21238]
Event: 3.642 Thread 0x000001ceb04661b0 2007       3       jdk.internal.loader.URLClassPath$JarLoader$1::<init> (36 bytes)
Event: 3.642 Thread 0x000001ceb04661b0 nmethod 2007 0x000001ce9cb21288 code [0x000001ce9cb21380, 0x000001ce9cb21830]
Event: 3.650 Thread 0x000001ceb04630c0 nmethod 1944 0x000001cea43b2908 code [0x000001cea43b2a00, 0x000001cea43b60a8]
Event: 3.651 Thread 0x000001ceb04630c0 1954       4       java.util.zip.ZipUtils::CENNAM (9 bytes)
Event: 3.652 Thread 0x000001ceb04630c0 nmethod 1954 0x000001cea43b6108 code [0x000001cea43b6200, 0x000001cea43b62d8]
Event: 3.652 Thread 0x000001ceb04630c0 1948       4       java.util.zip.ZipUtils::CENHOW (9 bytes)
Event: 3.654 Thread 0x000001ceb04630c0 nmethod 1948 0x000001cea43b6408 code [0x000001cea43b6500, 0x000001cea43b65d8]
Event: 3.654 Thread 0x000001ceb04630c0 1959       4       java.lang.StringLatin1::coderFromChar (10 bytes)
Event: 3.654 Thread 0x000001ceb04630c0 nmethod 1959 0x000001cea43b6708 code [0x000001cea43b6800, 0x000001cea43b6870]
Event: 3.811 Thread 0x000001ceb04630c0 2008       4       jdk.internal.util.ArraysSupport::mismatch (103 bytes)

GC Heap Usage History (2 events):
Event: 2.696 {heap Before GC invocations=0 (full 0):
 garbage-first heap   total reserved 2066432K, committed 134144K, used 29957K [0x0000000081e00000, 0x0000000100000000)
  region size 1024K, 28 young (28672K), 0 survivors (0K)
}
Event: 2.705 {heap After GC invocations=1 (full 0):
 garbage-first heap   total reserved 2066432K, committed 134144K, used 7493K [0x0000000081e00000, 0x0000000100000000)
  region size 1024K, 4 young (4096K), 4 survivors (4096K)
}

Metaspace Usage History (2 events):
Event: 2.696 {metaspace Before GC invocations=0 (full 0):
 Metaspace       used 4319K, committed 4544K, reserved 1114112K
  class space    used 472K, committed 576K, reserved 1048576K
}
Event: 2.705 {metaspace After GC invocations=1 (full 0):
 Metaspace       used 4319K, committed 4544K, reserved 1114112K
  class space    used 472K, committed 576K, reserved 1048576K
}

Dll operation events (2 events):
Event: 0.020 Loaded shared library D:\PyCharm 2026.1.4\jbr\bin\java.dll
Event: 0.165 Loaded shared library D:\PyCharm 2026.1.4\jbr\bin\zip.dll

Deoptimization events (20 events):
Event: 2.757 Thread 0x000001ceb55a5dd0 Uncommon trap: trap_request=0xffffffc6 fr.pc=0x000001cea4395ae4 relative=0x00000000000002e4
Event: 2.757 Thread 0x000001ceb55a5dd0 Uncommon trap: reason=bimorphic_or_optimized_type_check action=maybe_recompile pc=0x000001cea4395ae4 method=java.util.HashMap.getNode(Ljava/lang/Object;)Ljava/util/HashMap$Node; @ 128 c2
Event: 2.757 Thread 0x000001ceb55a5dd0 DEOPT PACKING pc=0x000001cea4395ae4 sp=0x0000000d3b0fd880
Event: 2.757 Thread 0x000001ceb55a5dd0 DEOPT UNPACKING pc=0x000001cea3e0ab82 sp=0x0000000d3b0fd7f8 mode 2
Event: 2.815 Thread 0x000001ceb55a5dd0 Uncommon trap: trap_request=0xffffff45 fr.pc=0x000001cea4362664 relative=0x00000000000004e4
Event: 2.815 Thread 0x000001ceb55a5dd0 Uncommon trap: reason=unstable_if action=reinterpret pc=0x000001cea4362664 method=java.lang.StringLatin1.replace([BCC)Ljava/lang/String; @ 19 c2
Event: 2.815 Thread 0x000001ceb55a5dd0 DEOPT PACKING pc=0x000001cea4362664 sp=0x0000000d3b0fe600
Event: 2.815 Thread 0x000001ceb55a5dd0 DEOPT UNPACKING pc=0x000001cea3e0ab82 sp=0x0000000d3b0fe580 mode 2
Event: 2.820 Thread 0x000001ceb55a5dd0 Uncommon trap: trap_request=0xffffff66 fr.pc=0x000001cea43a4940 relative=0x0000000000000240
Event: 2.820 Thread 0x000001ceb55a5dd0 Uncommon trap: reason=loop_limit_check action=maybe_recompile pc=0x000001cea43a4940 method=java.math.BigInteger.implMulAdd([I[IIII)I @ 26 c2
Event: 2.820 Thread 0x000001ceb55a5dd0 DEOPT PACKING pc=0x000001cea43a4940 sp=0x0000000d3b0fe3b0
Event: 2.820 Thread 0x000001ceb55a5dd0 DEOPT UNPACKING pc=0x000001cea3e0ab82 sp=0x0000000d3b0fe300 mode 2
Event: 3.489 Thread 0x000001ceb08481c0 Uncommon trap: trap_request=0xffffff45 fr.pc=0x000001cea43a2814 relative=0x0000000000000194
Event: 3.489 Thread 0x000001ceb08481c0 Uncommon trap: reason=unstable_if action=reinterpret pc=0x000001cea43a2814 method=java.lang.AbstractStringBuilder.append(C)Ljava/lang/AbstractStringBuilder; @ 70 c2
Event: 3.489 Thread 0x000001ceb08481c0 DEOPT PACKING pc=0x000001cea43a2814 sp=0x0000000d3abfcec0
Event: 3.489 Thread 0x000001ceb08481c0 DEOPT UNPACKING pc=0x000001cea3e0ab82 sp=0x0000000d3abfcdf8 mode 2
Event: 3.489 Thread 0x000001ceb08481c0 Uncommon trap: trap_request=0xffffff45 fr.pc=0x000001cea4379a94 relative=0x0000000000000194
Event: 3.489 Thread 0x000001ceb08481c0 Uncommon trap: reason=unstable_if action=reinterpret pc=0x000001cea4379a94 method=java.lang.AbstractStringBuilder.append(C)Ljava/lang/AbstractStringBuilder; @ 70 c2
Event: 3.489 Thread 0x000001ceb08481c0 DEOPT PACKING pc=0x000001cea4379a94 sp=0x0000000d3abfced0
Event: 3.489 Thread 0x000001ceb08481c0 DEOPT UNPACKING pc=0x000001cea3e0ab82 sp=0x0000000d3abfce60 mode 2

Classes loaded (20 events):
Event: 2.664 Loading class com/sun/crypto/provider/AEADBufferedStream
Event: 2.665 Loading class com/sun/crypto/provider/AEADBufferedStream done
Event: 2.722 Loading class java/security/cert/PKIXRevocationChecker
Event: 2.722 Loading class java/security/cert/PKIXRevocationChecker done
Event: 2.744 Loading class jdk/internal/event/X509ValidationEvent
Event: 2.744 Loading class jdk/internal/event/X509ValidationEvent done
Event: 2.745 Loading class sun/security/validator/CamerfirmaTLSPolicy
Event: 2.745 Loading class sun/security/validator/CamerfirmaTLSPolicy done
Event: 2.745 Loading class sun/security/validator/ChunghwaTLSPolicy
Event: 2.745 Loading class sun/security/validator/ChunghwaTLSPolicy done
Event: 2.840 Loading class jdk/internal/event/TLSHandshakeEvent
Event: 2.840 Loading class jdk/internal/event/TLSHandshakeEvent done
Event: 3.365 Loading class java/net/Authenticator$RequestorType
Event: 3.366 Loading class java/net/Authenticator$RequestorType done
Event: 3.455 Loading class java/beans/Transient
Event: 3.455 Loading class java/beans/Transient done
Event: 3.455 Loading class java/beans/ConstructorProperties
Event: 3.455 Loading class java/beans/ConstructorProperties done
Event: 3.488 Loading class sun/text/resources/cldr/FormatData_en_US
Event: 3.488 Loading class sun/text/resources/cldr/FormatData_en_US done

Classes unloaded (0 events):
No events

Classes redefined (0 events):
No events

Internal exceptions (20 events):
Event: 0.812 Thread 0x000001ceb092e750 Exception <a 'java/lang/NoSuchMethodError'{0x0000000089526ee0}: 'java.lang.Object java.lang.invoke.DelegatingMethodHandle$Holder.reinvoke_L(java.lang.Object, java.lang.Object, java.lang.Object, java.lang.Object, java.lang.Object, java.lang.Object, java.lang.Object, int, int, int)'> (0x0000000089526ee0) 
thrown [s\src\hotspot\share\interpreter\linkResolver.cpp, line 815]
Event: 0.829 Thread 0x000001ceb08481c0 Exception <a 'java/lang/NoSuchMethodError'{0x00000000896c7758}: 'java.lang.Object java.lang.invoke.DirectMethodHandle$Holder.invokeSpecial(java.lang.Object, java.lang.Object, java.lang.Object, java.lang.Object, java.lang.Object, int)'> (0x00000000896c7758) 
thrown [s\src\hotspot\share\interpreter\linkResolver.cpp, line 815]
Event: 0.830 Thread 0x000001ceb08481c0 Exception <a 'java/lang/NoSuchMethodError'{0x00000000896d7fa0}: 'java.lang.Object java.lang.invoke.Invokers$Holder.linkToTargetMethod(java.lang.Object, java.lang.Object, int, java.lang.Object)'> (0x00000000896d7fa0) 
thrown [s\src\hotspot\share\interpreter\linkResolver.cpp, line 815]
Event: 0.831 Thread 0x000001ceb092e750 Exception <a 'java/lang/NoSuchMethodError'{0x000000008957eaf8}: 'java.lang.Object java.lang.invoke.Invokers$Holder.linkToTargetMethod(java.lang.Object, java.lang.Object, int, java.lang.Object)'> (0x000000008957eaf8) 
thrown [s\src\hotspot\share\interpreter\linkResolver.cpp, line 815]
Event: 0.899 Thread 0x000001ceb08481c0 Exception <a 'java/lang/NoSuchMethodError'{0x0000000089220a10}: 'int java.lang.invoke.DirectMethodHandle$Holder.invokeSpecialIFC(java.lang.Object, java.lang.Object, java.lang.Object)'> (0x0000000089220a10) 
thrown [s\src\hotspot\share\interpreter\linkResolver.cpp, line 815]
Event: 0.964 Thread 0x000001ceb08481c0 Exception <a 'java/lang/NoSuchMethodError'{0x0000000089164ed0}: 'long java.lang.invoke.DirectMethodHandle$Holder.invokeSpecial(java.lang.Object, java.lang.Object)'> (0x0000000089164ed0) 
thrown [s\src\hotspot\share\interpreter\linkResolver.cpp, line 815]
Event: 0.975 Thread 0x000001ceb08481c0 Exception <a 'java/lang/NoSuchMethodError'{0x000000008917b890}: 'int java.lang.invoke.DirectMethodHandle$Holder.invokeStatic(java.lang.Object, java.lang.Object, java.lang.Object, java.lang.Object)'> (0x000000008917b890) 
thrown [s\src\hotspot\share\interpreter\linkResolver.cpp, line 815]
Event: 1.077 Thread 0x000001ceb08481c0 Exception <a 'sun/nio/fs/WindowsException'{0x00000000890aae98}> (0x00000000890aae98) 
thrown [s\src\hotspot\share\prims\jni.cpp, line 535]
Event: 1.140 Thread 0x000001ceb08481c0 Exception <a 'sun/nio/fs/WindowsException'{0x0000000088f3b2d8}> (0x0000000088f3b2d8) 
thrown [s\src\hotspot\share\prims\jni.cpp, line 535]
Event: 1.577 Thread 0x000001ceb08481c0 Exception <a 'java/lang/NoSuchMethodError'{0x0000000088910550}: 'java.lang.Object java.lang.invoke.DirectMethodHandle$Holder.invokeStaticInit(java.lang.Object, java.lang.Object, int, int, int, int)'> (0x0000000088910550) 
thrown [s\src\hotspot\share\interpreter\linkResolver.cpp, line 815]
Event: 1.916 Thread 0x000001ceb08481c0 Exception <a 'java/lang/NoSuchMethodError'{0x00000000886f65b0}: 'void java.lang.invoke.DirectMethodHandle$Holder.invokeSpecial(java.lang.Object, java.lang.Object, java.lang.Object, java.lang.Object, java.lang.Object)'> (0x00000000886f65b0) 
thrown [s\src\hotspot\share\interpreter\linkResolver.cpp, line 815]
Event: 2.118 Thread 0x000001ceb556a060 Exception <a 'java/lang/NoSuchMethodError'{0x0000000088890320}: 'int java.lang.invoke.DirectMethodHandle$Holder.invokeStatic(java.lang.Object, int, java.lang.Object)'> (0x0000000088890320) 
thrown [s\src\hotspot\share\interpreter\linkResolver.cpp, line 815]
Event: 2.121 Thread 0x000001ceb556a060 Exception <a 'java/lang/NoSuchMethodError'{0x00000000888a7420}: 'void java.lang.invoke.DirectMethodHandle$Holder.invokeStatic(java.lang.Object, java.lang.Object, int)'> (0x00000000888a7420) 
thrown [s\src\hotspot\share\interpreter\linkResolver.cpp, line 815]
Event: 2.123 Thread 0x000001ceb556a060 Exception <a 'java/lang/NoSuchMethodError'{0x00000000888b6740}: 'java.lang.Object java.lang.invoke.DirectMethodHandle$Holder.newInvokeSpecial(java.lang.Object, java.lang.Object, int)'> (0x00000000888b6740) 
thrown [s\src\hotspot\share\interpreter\linkResolver.cpp, line 815]
Event: 2.134 Thread 0x000001ceb55a5dd0 Exception <a 'java/lang/NoSuchMethodError'{0x000000008858d920}: 'void java.lang.invoke.DirectMethodHandle$Holder.invokeInterface(java.lang.Object, java.lang.Object, java.lang.Object)'> (0x000000008858d920) 
thrown [s\src\hotspot\share\interpreter\linkResolver.cpp, line 815]
Event: 2.160 Thread 0x000001ceb55a5dd0 Exception <a 'java/lang/NoSuchMethodError'{0x000000008841ba18}: 'long java.lang.invoke.DirectMethodHandle$Holder.invokeStatic(java.lang.Object, long, long)'> (0x000000008841ba18) 
thrown [s\src\hotspot\share\interpreter\linkResolver.cpp, line 815]
Event: 2.160 Thread 0x000001ceb556a060 Exception <a 'java/lang/NoSuchMethodError'{0x00000000888f21e8}: 'long java.lang.invoke.DirectMethodHandle$Holder.invokeStatic(java.lang.Object, long, long)'> (0x00000000888f21e8) 
thrown [s\src\hotspot\share\interpreter\linkResolver.cpp, line 815]
Event: 2.630 Thread 0x000001ceb55a5dd0 Exception <a 'java/lang/NoSuchMethodError'{0x00000000883af0b8}: 'void java.lang.invoke.DirectMethodHandle$Holder.invokeInterface(java.lang.Object, java.lang.Object)'> (0x00000000883af0b8) 
thrown [s\src\hotspot\share\interpreter\linkResolver.cpp, line 815]
Event: 2.638 Thread 0x000001ceb55a5dd0 Exception <a 'java/lang/NoSuchMethodError'{0x00000000883d7f28}: 'java.lang.Object java.lang.invoke.Invokers$Holder.invoke_MT(java.lang.Object, java.lang.Object, java.lang.Object, java.lang.Object, java.lang.Object, java.lang.Object)'> (0x00000000883d7f28) 
thrown [s\src\hotspot\share\interpreter\linkResolver.cpp, line 815]
Event: 2.844 Thread 0x000001ceb55a5dd0 Exception <a 'java/lang/NoSuchMethodError'{0x0000000089a9d1e0}: 'void java.lang.invoke.DirectMethodHandle$Holder.invokeStatic(java.lang.Object, java.lang.Object, java.lang.Object, java.lang.Object)'> (0x0000000089a9d1e0) 
thrown [s\src\hotspot\share\interpreter\linkResolver.cpp, line 815]

VM Operations (20 events):
Event: 0.994 Executing non-safepoint VM operation: HandshakeAllThreads (Deoptimize)
Event: 0.994 Executing non-safepoint VM operation: HandshakeAllThreads (Deoptimize) done
Event: 0.995 Executing non-safepoint VM operation: HandshakeAllThreads (Deoptimize)
Event: 0.995 Executing non-safepoint VM operation: HandshakeAllThreads (Deoptimize) done
Event: 1.163 Executing non-safepoint VM operation: HandshakeAllThreads (Deoptimize)
Event: 1.163 Executing non-safepoint VM operation: HandshakeAllThreads (Deoptimize) done
Event: 1.659 Executing non-safepoint VM operation: HandshakeAllThreads (Deoptimize)
Event: 1.659 Executing non-safepoint VM operation: HandshakeAllThreads (Deoptimize) done
Event: 1.879 Executing non-safepoint VM operation: HandshakeAllThreads (Deoptimize)
Event: 1.879 Executing non-safepoint VM operation: HandshakeAllThreads (Deoptimize) done
Event: 2.164 Executing non-safepoint VM operation: HandshakeAllThreads (Deoptimize)
Event: 2.164 Executing non-safepoint VM operation: HandshakeAllThreads (Deoptimize) done
Event: 2.696 Executing safepoint VM operation: G1CollectForAllocation (G1 Evacuation Pause)
Event: 2.705 Executing safepoint VM operation: G1CollectForAllocation (G1 Evacuation Pause) done
Event: 2.894 Executing non-safepoint VM operation: HandshakeAllThreads (Deoptimize)
Event: 2.895 Executing non-safepoint VM operation: HandshakeAllThreads (Deoptimize) done
Event: 3.365 Executing non-safepoint VM operation: HandshakeAllThreads (Deoptimize)
Event: 3.365 Executing non-safepoint VM operation: HandshakeAllThreads (Deoptimize) done
Event: 3.375 Executing non-safepoint VM operation: HandshakeAllThreads (Deoptimize)
Event: 3.375 Executing non-safepoint VM operation: HandshakeAllThreads (Deoptimize) done

Memory protections (0 events):
No events

Nmethod flushes (0 events):
No events

Events (20 events):
Event: 0.194 Thread 0x000001ce9619f9f0 Thread added: 0x000001ceb04621d0
Event: 0.194 Thread 0x000001ce9619f9f0 Thread added: 0x000001ceb04630c0
Event: 0.197 Thread 0x000001ce9619f9f0 Thread added: 0x000001ceb04661b0
Event: 0.227 Thread 0x000001ce9619f9f0 Thread added: 0x000001ceb04ec5c0
Event: 0.235 Loaded shared library D:\PyCharm 2026.1.4\jbr\bin\net.dll
Event: 0.240 Loaded shared library D:\PyCharm 2026.1.4\jbr\bin\nio.dll
Event: 0.345 Thread 0x000001ceb04630c0 Thread added: 0x000001ceb0517ff0
Event: 0.348 Loaded shared library D:\PyCharm 2026.1.4\jbr\bin\zip.dll
Event: 0.395 Loaded shared library D:\PyCharm 2026.1.4\jbr\bin\jimage.dll
Event: 0.773 Thread 0x000001ceb0517ff0 Thread exited: 0x000001ceb0517ff0
Event: 0.800 Thread 0x000001ce9619f9f0 Thread added: 0x000001ceb08481c0
Event: 0.800 Thread 0x000001ce9619f9f0 Thread added: 0x000001ceb092e750
Event: 0.801 Thread 0x000001ce9619f9f0 Thread added: 0x000001ceb092ef10
Event: 1.614 Loaded shared library D:\PyCharm 2026.1.4\jbr\bin\sunmscapi.dll
Event: 1.673 Loaded shared library D:\PyCharm 2026.1.4\jbr\bin\extnet.dll
Event: 1.683 Thread 0x000001ceb08481c0 Thread added: 0x000001ceb556a060
Event: 2.129 Thread 0x000001ceb556a060 Thread added: 0x000001ceb55a5dd0
Event: 2.162 Thread 0x000001ceb556a060 Thread added: 0x000001ceb55b8820
Event: 2.201 Thread 0x000001ceb04661b0 Thread added: 0x000001ceb55d7170
Event: 3.349 Thread 0x000001ceb55d7170 Thread exited: 0x000001ceb55d7170


Dynamic libraries:
0x00007ff738830000 - 0x00007ff73883a000 	D:\PyCharm 2026.1.4\jbr\bin\java.exe
0x00007ffddbdc0000 - 0x00007ffddbfc7000 	C:\Windows\SYSTEM32\ntdll.dll
0x00007ffdda910000 - 0x00007ffdda9cd000 	C:\Windows\System32\KERNEL32.DLL
0x00007ffdd9510000 - 0x00007ffdd9884000 	C:\Windows\System32\KERNELBASE.dll
0x00007ffdd9890000 - 0x00007ffdd99a1000 	C:\Windows\System32\ucrtbase.dll
0x00007ffdc63e0000 - 0x00007ffdc63fe000 	D:\PyCharm 2026.1.4\jbr\bin\VCRUNTIME140.dll
0x00007ffdc6200000 - 0x00007ffdc6217000 	D:\PyCharm 2026.1.4\jbr\bin\jli.dll
0x00007ffddae00000 - 0x00007ffddafac000 	C:\Windows\System32\USER32.dll
0x00007ffdd93c0000 - 0x00007ffdd93e6000 	C:\Windows\System32\win32u.dll
0x00007ffddadd0000 - 0x00007ffddadf9000 	C:\Windows\System32\GDI32.dll
0x00007ffdd93f0000 - 0x00007ffdd9502000 	C:\Windows\System32\gdi32full.dll
0x00007ffdd92a0000 - 0x00007ffdd933d000 	C:\Windows\System32\msvcp_win.dll
0x00007ffdc6f80000 - 0x00007ffdc7225000 	C:\Windows\WinSxS\amd64_microsoft.windows.common-controls_6595b64144ccf1df_6.0.22000.120_none_9d947278b86cc467\COMCTL32.dll
0x00007ffdda5c0000 - 0x00007ffdda663000 	C:\Windows\System32\msvcrt.dll
0x00007ffdd9dd0000 - 0x00007ffdd9e01000 	C:\Windows\System32\IMM32.DLL
0x00007ffdd5a60000 - 0x00007ffdd5a6c000 	D:\PyCharm 2026.1.4\jbr\bin\vcruntime140_1.dll
0x00007ffdc5ec0000 - 0x00007ffdc5f49000 	D:\PyCharm 2026.1.4\jbr\bin\msvcp140.dll
0x00007ffd61ec0000 - 0x00007ffd62e15000 	D:\PyCharm 2026.1.4\jbr\bin\server\jvm.dll
0x00007ffdda7f0000 - 0x00007ffdda89c000 	C:\Windows\System32\ADVAPI32.dll
0x00007ffdda670000 - 0x00007ffdda70d000 	C:\Windows\System32\sechost.dll
0x00007ffddbc50000 - 0x00007ffddbd71000 	C:\Windows\System32\RPCRT4.dll
0x00007ffdda8a0000 - 0x00007ffdda90f000 	C:\Windows\System32\WS2_32.dll
0x00007ffdd9170000 - 0x00007ffdd91bd000 	C:\Windows\SYSTEM32\POWRPROF.dll
0x00007ffdd47e0000 - 0x00007ffdd4813000 	C:\Windows\SYSTEM32\WINMM.dll
0x00007ffdd2f50000 - 0x00007ffdd2f5a000 	C:\Windows\SYSTEM32\VERSION.dll
0x00007ffdd9150000 - 0x00007ffdd9163000 	C:\Windows\SYSTEM32\UMPDC.dll
0x00007ffdd83a0000 - 0x00007ffdd83b8000 	C:\Windows\SYSTEM32\kernel.appcore.dll
0x00007ffdd3c00000 - 0x00007ffdd3c0a000 	D:\PyCharm 2026.1.4\jbr\bin\jimage.dll
0x00007ffdd37c0000 - 0x00007ffdd39e1000 	C:\Windows\SYSTEM32\DBGHELP.DLL
0x00007ffdd36b0000 - 0x00007ffdd36e1000 	C:\Windows\SYSTEM32\dbgcore.DLL
0x00007ffdd9340000 - 0x00007ffdd93bf000 	C:\Windows\System32\bcryptPrimitives.dll
0x00007ffdc63c0000 - 0x00007ffdc63df000 	D:\PyCharm 2026.1.4\jbr\bin\java.dll
0x00007ffddb410000 - 0x00007ffddb5aa000 	C:\Windows\System32\ole32.dll
0x00007ffddaa50000 - 0x00007ffddadc8000 	C:\Windows\System32\combase.dll
0x00007ffdd9e10000 - 0x00007ffdda5be000 	C:\Windows\System32\SHELL32.dll
0x00007ffdd7420000 - 0x00007ffdd7c87000 	C:\Windows\SYSTEM32\windows.storage.dll
0x00007ffdd72b0000 - 0x00007ffdd7416000 	C:\Windows\SYSTEM32\wintypes.dll
0x00007ffddb2c0000 - 0x00007ffddb3aa000 	C:\Windows\System32\SHCORE.dll
0x00007ffddafb0000 - 0x00007ffddb00d000 	C:\Windows\System32\shlwapi.dll
0x00007ffdd91d0000 - 0x00007ffdd91f1000 	C:\Windows\SYSTEM32\profapi.dll
0x00007ffdc63a0000 - 0x00007ffdc63b6000 	D:\PyCharm 2026.1.4\jbr\bin\zip.dll
0x00007ffdc61a0000 - 0x00007ffdc61b2000 	D:\PyCharm 2026.1.4\jbr\bin\net.dll
0x00007ffdd87b0000 - 0x00007ffdd8817000 	C:\Windows\system32\mswsock.dll
0x00007ffdc6010000 - 0x00007ffdc6026000 	D:\PyCharm 2026.1.4\jbr\bin\nio.dll
0x00007ffdd8a00000 - 0x00007ffdd8a18000 	C:\Windows\SYSTEM32\CRYPTSP.dll
0x00007ffdd8300000 - 0x00007ffdd8335000 	C:\Windows\system32\rsaenh.dll
0x00007ffdd88a0000 - 0x00007ffdd88c9000 	C:\Windows\SYSTEM32\USERENV.dll
0x00007ffdd8b70000 - 0x00007ffdd8b97000 	C:\Windows\SYSTEM32\bcrypt.dll
0x00007ffdd89f0000 - 0x00007ffdd89fc000 	C:\Windows\SYSTEM32\CRYPTBASE.dll
0x00007ffdd7ee0000 - 0x00007ffdd7f0d000 	C:\Windows\SYSTEM32\IPHLPAPI.DLL
0x00007ffdd9c50000 - 0x00007ffdd9c59000 	C:\Windows\System32\NSI.dll
0x00007ffdceda0000 - 0x00007ffdcedae000 	D:\PyCharm 2026.1.4\jbr\bin\sunmscapi.dll
0x00007ffdd9a70000 - 0x00007ffdd9bd2000 	C:\Windows\System32\CRYPT32.dll
0x00007ffdd8b40000 - 0x00007ffdd8b68000 	C:\Windows\SYSTEM32\ncrypt.dll
0x00007ffdd8b00000 - 0x00007ffdd8b37000 	C:\Windows\SYSTEM32\NTASN1.dll
0x00007ffdcd2e0000 - 0x00007ffdcd2e8000 	C:\Windows\system32\wshunix.dll
0x00007ffdc6140000 - 0x00007ffdc6149000 	D:\PyCharm 2026.1.4\jbr\bin\extnet.dll
0x00007ffdd7f50000 - 0x00007ffdd8037000 	C:\Windows\SYSTEM32\DNSAPI.dll
0x00007ffdd0cd0000 - 0x00007ffdd0cda000 	C:\Windows\System32\rasadhlp.dll
0x00007ffdd12e0000 - 0x00007ffdd1361000 	C:\Windows\System32\fwpuclnt.dll

JVMTI agents: none

dbghelp: loaded successfully - version: 4.0.5 - missing functions: none
symbol engine: initialized successfully - sym options: 0x614 - pdb path: .;D:\PyCharm 2026.1.4\jbr\bin;C:\Windows\SYSTEM32;C:\Windows\WinSxS\amd64_microsoft.windows.common-controls_6595b64144ccf1df_6.0.22000.120_none_9d947278b86cc467;D:\PyCharm 2026.1.4\jbr\bin\server

VM Arguments:
jvm_args: -Djava.io.tmpdir=C:\Users\Administrator\AppData\Local\JetBrains\PyCharm2026.1\tmp\statistics-uploader 
java_command: com.intellij.internal.statistic.uploader.EventLogUploader --ide-token C:\Users\Administrator\AppData\Local\JetBrains\PyCharm2026.1\token --recorders FUS;MP;ML --device-fus 13072618dc6fb06-3386-4921-b2c4-a68ce66288a3 --bucket-fus 119 --machine-fus 4b86ed81bbb4c660758b68e503c35d8ad994bfd24881bef42326a5afd05c5fb7 --id-revision-fus 0 --files-fus C:\Users\Administrator\AppData\Local\JetBrains\PyCharm2026.1\event-log-data\logs\FUS\d092-44cc-8f96-9e6b6ef1ab3c-261.26222.68-release.log --escape-fus false --device-mp 1307261ba5e8091-718b-483b-bf53-af994901dbd6 --bucket-mp 245 --machine-mp 0bc5514adcbf783f0608e96d034a7f9a96981c290eb489a15218cfcb55caf95c --id-revision-mp 0 --files-mp C:\Users\Administrator\AppData\Local\JetBrains\PyCharm2026.1\event-log-data\logs\MP\ae0f-48ed-962e-481d95b353e6-261.26222.68-release.log --escape-mp false --device-ml 13072618dc6fb06-3386-4921-b2c4-a68ce66288a3 --bucket-ml 119 --machine-ml 4b86ed81bbb4c660758b68e503c35d8ad994bfd24881bef42326a5afd05c5fb7 --id-revision-ml 0 --files-ml C:\Users\Administrator\AppData\Local\JetBrains\PyCharm2026.1\event-log-data\logs\ML\6c37-40c3-b722-dc029a7d0117-261.26222.68-release.log --escape-ml false --regional-code americas --product PY --product-version 2026.1.4 --baseline-version 261 --user-agent PyCharm/261.26222.68 --extra-headers 
java_class_path (initial): D:\PyCharm 2026.1.4\lib\util-8.jar;D:\PyCharm 2026.1.4\lib\annotations.jar;D:\PyCharm 2026.1.4\lib\intellij.libraries.jackson.jar;D:\PyCharm 2026.1.4\lib\intellij.libraries.jackson.databind.jar;D:\PyCharm 2026.1.4\lib\intellij.libraries.jackson.module.kotlin.jar;D:\PyCharm 2026.1.4\lib\intellij.libraries.kotlin.reflect.jar;D:\PyCharm 2026.1.4\lib\lib.jar;D:\PyCharm 2026.1.4\lib\stats.jar;D:\PyCharm 2026.1.4\lib\intellij.libraries.kotlinx.serialization.json.jar;D:\PyCharm 2026.1.4\lib\intellij.libraries.kotlinx.serialization.core.jar;D:\PyCharm 2026.1.4\lib\stats.jar
Launcher Type: SUN_STANDARD

[Global flags]
     intx CICompilerCount                          = 3                                         {product} {ergonomic}
     uint ConcGCThreads                            = 1                                         {product} {ergonomic}
     uint G1ConcRefinementThreads                  = 4                                         {product} {ergonomic}
   size_t G1HeapRegionSize                         = 1048576                                   {product} {ergonomic}
   size_t InitialHeapSize                          = 134217728                                 {product} {ergonomic}
   size_t MarkStackSize                            = 4194304                                   {product} {ergonomic}
   size_t MarkStackSizeMax                         = 536870912                                 {product} {ergonomic}
   size_t MaxHeapSize                              = 2116026368                                {product} {ergonomic}
   size_t MaxNewSize                               = 1268776960                                {product} {ergonomic}
   size_t MinHeapDeltaBytes                        = 1048576                                   {product} {ergonomic}
   size_t MinHeapSize                              = 8388608                                   {product} {ergonomic}
    uintx NonNMethodCodeHeapSize                   = 5898240                                {pd product} {ergonomic}
    uintx NonProfiledCodeHeapSize                  = 122945536                              {pd product} {ergonomic}
    uintx ProfiledCodeHeapSize                     = 122945536                              {pd product} {ergonomic}
    uintx ReservedCodeCacheSize                    = 251789312                              {pd product} {ergonomic}
     bool SegmentedCodeCache                       = true                                      {product} {ergonomic}
   size_t SoftMaxHeapSize                          = 2116026368                             {manageable} {ergonomic}
     bool UseCompressedOops                        = true                           {product lp64_product} {ergonomic}
     bool UseG1GC                                  = true                                      {product} {ergonomic}
     bool UseLargePagesIndividualAllocation        = false                                  {pd product} {ergonomic}

Logging:
Log output configuration:
 #0: stdout all=warning uptime,level,tags foldmultilines=false
 #1: stderr all=off uptime,level,tags foldmultilines=false

Release file:
JAVA_VERSION="25.0.3" 
MODULES="java.base java.datatransfer java.xml java.prefs java.desktop gluegen.rt java.compiler java.instrument java.logging java.management java.security.sasl java.naming java.rmi java.management.rmi java.net.http java.scripting java.security.jgss java.transaction.xa java.sql java.sql.rowset java.xml.crypto java.se java.smartcardio jogl.all jcef jdk.accessibility jdk.internal.jvmstat jdk.attach jdk.charsets jdk.internal.opt jdk.zipfs jdk.compiler jdk.crypto.cryptoki jdk.crypto.ec jdk.crypto.mscapi jdk.dynalink jdk.hotspot.agent jdk.httpserver jdk.internal.ed jdk.internal.le jdk.internal.md jdk.internal.vm.ci jdk.javadoc jdk.jcmd jdk.jdwp.agent jdk.jdi jdk.jfr jdk.localedata jdk.management jdk.management.agent jdk.management.jfr jdk.naming.dns jdk.naming.rmi jdk.net jdk.sctp jdk.security.auth jdk.security.jgss jdk.unsupported jdk.unsupported.desktop jdk.xml.dom" 
IMPLEMENTOR="JetBrains s.r.o." 
IMPLEMENTOR_VERSION="JBR-25.0.3+1-329.124-jcef" 
JAVA_RUNTIME_VERSION="25.0.3+1-b329.124" 
LIBC="default" 
OS_ARCH="x86_64" 
OS_NAME="Windows" 
SOURCE=".:git:aa719f98f3da+ jcef_git:git:4a605f44671a" 
JCEF_VERSION="137.0.17.1142+g68de80b" 
JCEF_COMMIT_HASH="68de80bc86de497c8d0632ad0f8fe33625b33bff" 
JCEF_VERSION_DETAILED=137.0.17-gf354b0e-chromium-137.0.7151.104-api-1.21-261-b86

Environment Variables:
PATH=C:\Windows\system32;C:\Windows;C:\Windows\System32\Wbem;C:\Windows\System32\WindowsPowerShell\v1.0\;C:\Windows\System32\OpenSSH\;C:\ProgramData\chocolatey\bin;C:\Program Files\Git\cmd;C:\Users\Administrator\AppData\Local\Programs\Python\Python312\Scripts\;C:\Users\Administrator\AppData\Local\Programs\Python\Python312\;C:\Users\Administrator\AppData\Local\Microsoft\WindowsApps;D:\PyCharm 2026.1.4\bin;C:\Program Files\Git\bin;
USERNAME=Administrator
OS=Windows_NT
PROCESSOR_IDENTIFIER=Intel64 Family 6 Model 61 Stepping 4, GenuineIntel
TMP=C:\Users\Administrator\AppData\Local\Temp
TEMP=C:\Users\Administrator\AppData\Local\Temp




Compilation memory statistics disabled.

Periodic native trim disabled

JNI global refs:
JNI global refs: 19, weak refs: 0

JNI global refs memory usage: 835, weak refs: 833

Process memory usage:
Resident Set Size: 122132K (1% of 8265004K total physical memory with 458164K free physical memory)

OOME stack traces (most recent first):
Classloader memory used:
Loader jdk.internal.loader.ClassLoaders$AppClassLoader                                 : 4083 K
Loader bootstrap                                                                       : 2615 K
Loader jdk.internal.loader.ClassLoaders$PlatformClassLoader                            : 1806 K

---------------  S Y S T E M  ---------------

OS:
 Windows 11 , 64 bit Build 22000 (10.0.22000.318)
OS uptime: 1 days 4:38 hours

CPU: total 4 (initial active 4) (2 cores per cpu, 2 threads per core) family 6 model 61 stepping 4 microcode 0x2f, cx8, cmov, fxsr, ht, mmx, 3dnowpref, sse, sse2, sse3, ssse3, sse4.1, sse4.2, popcnt, lzcnt, tsc, tscinvbit, avx, avx2, aes, erms, clmul, bmi1, bmi2, rtm, adx, fma, vzeroupper, clflush, rdtscp, f16c
Processor Information for the first 4 processors :
  Max Mhz: 2594, Current Mhz: 2594, Mhz Limit: 2594

Memory: 4k page, system-wide physical 8071M (447M free)
TotalPageFile size 11361M (AvailPageFile size 38M)
current process WorkingSet (physical memory assigned to process): 119M, peak: 120M
current process commit charge ("private bytes"): 246M, peak: 256M

vm_info: OpenJDK 64-Bit Server VM (25.0.3+1-b329.124) for windows-amd64 JRE (25.0.3+1-b329.124), built on 2026-04-30 with MS VC++ 17.14 (VS2022)

END.
